<?xml version="1.0" encoding="UTF-8"?>
<!-- Generated by org.testng.reporters.JUnitReportReporter -->
<testsuite hostname="LAPTOP-G86I0Q3V" failures="0" tests="2" name="testng.Test3" time="0.021" errors="0" timestamp="2022-11-24T11:14:57 IST" skipped="0">
  <testcase classname="testng.Test3" name="deleteproject" time="0.009"/>
  <system-out>
    <![CDATA[deleteproject]]>
  </system-out>
  <testcase classname="testng.Test3" name="deletecustomer" time="0.012"/>
  <system-out>
    <![CDATA[deletecustomer]]>
  </system-out>
</testsuite> <!-- testng.Test3 -->
