<?xml version="1.0" encoding="UTF-8"?>
<!-- Generated by org.testng.reporters.JUnitReportReporter -->
<testsuite hostname="LAPTOP-G86I0Q3V" failures="0" tests="3" name="testng.Test2" time="18.097" errors="0" timestamp="2022-11-23T11:58:28 IST" skipped="0">
  <testcase classname="testng.Test2" name="tc1" time="7.203"/>
  <system-out/>
  <testcase classname="testng.Test2" name="tc1" time="5.674"/>
  <system-out/>
  <testcase classname="testng.Test2" name="tc1" time="5.220"/>
  <system-out/>
</testsuite> <!-- testng.Test2 -->
