<?xml version="1.0" encoding="UTF-8"?>
<!-- Generated by org.testng.reporters.JUnitReportReporter -->
<testsuite hostname="LAPTOP-G86I0Q3V" failures="0" tests="1" name="testng.Test5" time="9.743" errors="0" timestamp="2022-11-30T11:46:08 IST" skipped="0">
  <testcase classname="testng.Test5" name="demo" time="9.743"/>
  <system-out/>
</testsuite> <!-- testng.Test5 -->
