<?xml version="1.0" encoding="UTF-8"?>
<!-- Generated by org.testng.reporters.JUnitReportReporter -->
<testsuite hostname="LAPTOP-G86I0Q3V" failures="0" tests="1" name="testng.TestCase1" time="31.292" errors="0" timestamp="2022-11-24T12:33:43 IST" skipped="0">
  <testcase classname="testng.TestCase1" name="tc1" time="31.292"/>
  <system-out>
    <![CDATA[onTestStart
onTestSuccess]]>
  </system-out>
</testsuite> <!-- testng.TestCase1 -->
