<?xml version="1.0" encoding="UTF-8"?>
<!-- Generated by org.testng.reporters.JUnitReportReporter -->
<testsuite hostname="LAPTOP-G86I0Q3V" failures="0" tests="1" name="testng.Tc1" time="7.589" errors="0" timestamp="2022-11-25T10:49:11 IST" skipped="0">
  <testcase classname="testng.Tc1" name="tc1" time="7.589"/>
  <system-out>
    <![CDATA[actiTIME - Login
http://190.210.184.180/login.do]]>
  </system-out>
</testsuite> <!-- testng.Tc1 -->
